[0.250s] Invoking command in '/home/abolfazlmohammadpour/Temperature/ROS2WorkSpace/build/CPlusPlusPackage': CMAKE_PREFIX_PATH=${CMAKE_PREFIX_PATH}:/home/abolfazlmohammadpour/Temperature/ROS2WorkSpace/install/TemperaturePythonPackage:/home/abolfazlmohammadpour/Temperature/ROS2WorkSpace/install/PythonPackage:/opt/ros/iron /usr/bin/cmake --build /home/abolfazlmohammadpour/Temperature/ROS2WorkSpace/build/CPlusPlusPackage -- -j8 -l8
[0.365s] -- Found ament_cmake: 2.0.4 (/opt/ros/iron/share/ament_cmake/cmake)
[0.671s] -- Found rclcpp: 21.0.5 (/opt/ros/iron/share/rclcpp/cmake)
[2.370s] -- Found rosidl_generator_c: 4.0.1 (/opt/ros/iron/share/rosidl_generator_c/cmake)
[2.395s] -- Found rosidl_generator_cpp: 4.0.1 (/opt/ros/iron/share/rosidl_generator_cpp/cmake)
[2.436s] -- Using all available rosidl_typesupport_c: rosidl_typesupport_fastrtps_c;rosidl_typesupport_introspection_c
[2.481s] -- Using all available rosidl_typesupport_cpp: rosidl_typesupport_fastrtps_cpp;rosidl_typesupport_introspection_cpp
[2.841s] -- Found rmw_implementation_cmake: 7.1.0 (/opt/ros/iron/share/rmw_implementation_cmake/cmake)
[2.848s] -- Found rmw_fastrtps_cpp: 7.1.3 (/opt/ros/iron/share/rmw_fastrtps_cpp/cmake)
[8.470s] -- Using RMW implementation 'rmw_fastrtps_cpp' as default
[8.862s] -- Found example_interfaces: 0.10.2 (/opt/ros/iron/share/example_interfaces/cmake)
[9.347s] WARNING: Package name "CPlusPlusPackage" does not follow the naming conventions. It should start with a lower case letter and only contain lower case letters, digits, underscores, and dashes.
[9.375s] -- Configuring done
[9.420s] -- Generating done
[9.423s] -- Build files have been written to: /home/abolfazlmohammadpour/Temperature/ROS2WorkSpace/build/CPlusPlusPackage
[9.463s] [35m[1mConsolidate compiler generated dependencies of target CPlusPlusNode[0m
[9.464s] [35m[1mConsolidate compiler generated dependencies of target CPlusPlusNode_OOP[0m
[9.475s] [ 16%] [32mBuilding CXX object CMakeFiles/CPlusPlusNodePublisher.dir/src/CPlusPlusNodePublisher.cpp.o[0m
[9.492s] [ 50%] Built target CPlusPlusNode_OOP
[9.493s] [ 83%] Built target CPlusPlusNode
[9.915s] [01m[K/home/abolfazlmohammadpour/Temperature/ROS2WorkSpace/src/CPlusPlusPackage/src/CPlusPlusNodePublisher.cpp:2:10:[m[K [01;31m[Kfatal error: [m[Kexample_interfaces/msg/String.hpp: No such file or directory
[9.915s]     2 | #include [01;31m[K<example_interfaces/msg/String.hpp>[m[K
[9.916s]       |          [01;31m[K^~~~~~~~~~~~~~~~~~~~~~~~~~~~~~~~~~~[m[K
[9.916s] compilation terminated.
[9.919s] gmake[2]: *** [CMakeFiles/CPlusPlusNodePublisher.dir/build.make:76: CMakeFiles/CPlusPlusNodePublisher.dir/src/CPlusPlusNodePublisher.cpp.o] Error 1
[9.919s] gmake[1]: *** [CMakeFiles/Makefile2:193: CMakeFiles/CPlusPlusNodePublisher.dir/all] Error 2
[9.919s] gmake: *** [Makefile:146: all] Error 2
[9.923s] Invoked command in '/home/abolfazlmohammadpour/Temperature/ROS2WorkSpace/build/CPlusPlusPackage' returned '2': CMAKE_PREFIX_PATH=${CMAKE_PREFIX_PATH}:/home/abolfazlmohammadpour/Temperature/ROS2WorkSpace/install/TemperaturePythonPackage:/home/abolfazlmohammadpour/Temperature/ROS2WorkSpace/install/PythonPackage:/opt/ros/iron /usr/bin/cmake --build /home/abolfazlmohammadpour/Temperature/ROS2WorkSpace/build/CPlusPlusPackage -- -j8 -l8
