[0.142s] Invoking command in '/home/abolfazlmohammadpour/Temperature/ROS2WorkSpace/build/CPlusPlusPackage': CMAKE_PREFIX_PATH=${CMAKE_PREFIX_PATH}:/home/abolfazlmohammadpour/Temperature/ROS2WorkSpace/install/TemperaturePythonPackage:/home/abolfazlmohammadpour/Temperature/ROS2WorkSpace/install/PythonPackage:/opt/ros/iron /usr/bin/cmake --build /home/abolfazlmohammadpour/Temperature/ROS2WorkSpace/build/CPlusPlusPackage -- -j8 -l8
[0.290s] [ 16%] [32mBuilding CXX object CMakeFiles/CPlusPlusNodePublisher.dir/src/CPlusPlusNodePublisher.cpp.o[0m
[0.304s] [ 50%] Built target CPlusPlusNode_OOP
[0.307s] [ 83%] Built target CPlusPlusNode
[4.949s] [01m[K/home/abolfazlmohammadpour/Temperature/ROS2WorkSpace/src/CPlusPlusPackage/src/CPlusPlusNodePublisher.cpp:[m[K In function â€˜[01m[Kint main(int, const char**)[m[Kâ€™:
[4.949s] [01m[K/home/abolfazlmohammadpour/Temperature/ROS2WorkSpace/src/CPlusPlusPackage/src/CPlusPlusNodePublisher.cpp:9:113:[m[K [01;31m[Kerror: [m[Kclass template argument deduction failed:
[4.949s]     9 |     rclcpp::Publisher ThePublisher = TheNode.create_publisher<example_interfaces::msg::String>("PythonTopic", 10[01;31m[K)[m[K;
[4.949s]       |                                                                                                                 [01;31m[K^[m[K
[4.949s] [01m[K/home/abolfazlmohammadpour/Temperature/ROS2WorkSpace/src/CPlusPlusPackage/src/CPlusPlusNodePublisher.cpp:9:113:[m[K [01;31m[Kerror: [m[Kno matching function for call to â€˜[01m[KPublisher(std::shared_ptr<rclcpp::Publisher<example_interfaces::msg::String_<std::allocator<void> >, std::allocator<void> > >)[m[Kâ€™
[4.950s] In file included from [01m[K/opt/ros/iron/include/rclcpp/rclcpp/topic_statistics/subscription_topic_statistics.hpp:31[m[K,
[4.950s]                  from [01m[K/opt/ros/iron/include/rclcpp/rclcpp/subscription.hpp:50[m[K,
[4.950s]                  from [01m[K/opt/ros/iron/include/rclcpp/rclcpp/any_executable.hpp:25[m[K,
[4.950s]                  from [01m[K/opt/ros/iron/include/rclcpp/rclcpp/memory_strategy.hpp:25[m[K,
[4.950s]                  from [01m[K/opt/ros/iron/include/rclcpp/rclcpp/memory_strategies.hpp:18[m[K,
[4.951s]                  from [01m[K/opt/ros/iron/include/rclcpp/rclcpp/executor_options.hpp:20[m[K,
[4.951s]                  from [01m[K/opt/ros/iron/include/rclcpp/rclcpp/executor.hpp:37[m[K,
[4.951s]                  from [01m[K/opt/ros/iron/include/rclcpp/rclcpp/executors/multi_threaded_executor.hpp:25[m[K,
[4.951s]                  from [01m[K/opt/ros/iron/include/rclcpp/rclcpp/executors.hpp:21[m[K,
[4.951s]                  from [01m[K/opt/ros/iron/include/rclcpp/rclcpp/rclcpp.hpp:167[m[K,
[4.951s]                  from [01m[K/home/abolfazlmohammadpour/Temperature/ROS2WorkSpace/src/CPlusPlusPackage/src/CPlusPlusNodePublisher.cpp:1[m[K:
[4.951s] [01m[K/opt/ros/iron/include/rclcpp/rclcpp/publisher.hpp:125:3:[m[K [01;36m[Knote: [m[Kcandidate: â€˜[01m[Ktemplate<class MessageT, class AllocatorT> Publisher(rclcpp::node_interfaces::NodeBaseInterface*, const string&, const rclcpp::QoS&, const rclcpp::PublisherOptionsWithAllocator<AllocatorT>&)-> rclcpp::Publisher<MessageT, AllocatorT>[m[Kâ€™
[4.952s]   125 |   [01;36m[KPublisher[m[K(
[4.952s]       |   [01;36m[K^~~~~~~~~[m[K
[4.952s] [01m[K/opt/ros/iron/include/rclcpp/rclcpp/publisher.hpp:125:3:[m[K [01;36m[Knote: [m[K  template argument deduction/substitution failed:
[4.952s] [01m[K/home/abolfazlmohammadpour/Temperature/ROS2WorkSpace/src/CPlusPlusPackage/src/CPlusPlusNodePublisher.cpp:9:113:[m[K [01;36m[Knote: [m[K  candidate expects 4 arguments, 1 provided
[4.952s]     9 |     rclcpp::Publisher ThePublisher = TheNode.create_publisher<example_interfaces::msg::String>("PythonTopic", 10[01;36m[K)[m[K;
[4.952s]       |                                                                                                                 [01;36m[K^[m[K
[4.952s] In file included from [01m[K/opt/ros/iron/include/rclcpp/rclcpp/topic_statistics/subscription_topic_statistics.hpp:31[m[K,
[4.952s]                  from [01m[K/opt/ros/iron/include/rclcpp/rclcpp/subscription.hpp:50[m[K,
[4.952s]                  from [01m[K/opt/ros/iron/include/rclcpp/rclcpp/any_executable.hpp:25[m[K,
[4.952s]                  from [01m[K/opt/ros/iron/include/rclcpp/rclcpp/memory_strategy.hpp:25[m[K,
[4.952s]                  from [01m[K/opt/ros/iron/include/rclcpp/rclcpp/memory_strategies.hpp:18[m[K,
[4.953s]                  from [01m[K/opt/ros/iron/include/rclcpp/rclcpp/executor_options.hpp:20[m[K,
[4.953s]                  from [01m[K/opt/ros/iron/include/rclcpp/rclcpp/executor.hpp:37[m[K,
[4.953s]                  from [01m[K/opt/ros/iron/include/rclcpp/rclcpp/executors/multi_threaded_executor.hpp:25[m[K,
[4.953s]                  from [01m[K/opt/ros/iron/include/rclcpp/rclcpp/executors.hpp:21[m[K,
[4.953s]                  from [01m[K/opt/ros/iron/include/rclcpp/rclcpp/rclcpp.hpp:167[m[K,
[4.953s]                  from [01m[K/home/abolfazlmohammadpour/Temperature/ROS2WorkSpace/src/CPlusPlusPackage/src/CPlusPlusNodePublisher.cpp:1[m[K:
[4.953s] [01m[K/opt/ros/iron/include/rclcpp/rclcpp/publisher.hpp:77:7:[m[K [01;36m[Knote: [m[Kcandidate: â€˜[01m[Ktemplate<class MessageT, class AllocatorT> Publisher(rclcpp::Publisher<MessageT, AllocatorT>)-> rclcpp::Publisher<MessageT, AllocatorT>[m[Kâ€™
[4.953s]    77 | class [01;36m[KPublisher[m[K : public PublisherBase
[4.953s]       |       [01;36m[K^~~~~~~~~[m[K
[4.953s] [01m[K/opt/ros/iron/include/rclcpp/rclcpp/publisher.hpp:77:7:[m[K [01;36m[Knote: [m[K  template argument deduction/substitution failed:
[4.953s] [01m[K/home/abolfazlmohammadpour/Temperature/ROS2WorkSpace/src/CPlusPlusPackage/src/CPlusPlusNodePublisher.cpp:9:113:[m[K [01;36m[Knote: [m[K  â€˜[01m[Kstd::shared_ptr<rclcpp::Publisher<example_interfaces::msg::String_<std::allocator<void> >, std::allocator<void> > >[m[Kâ€™ is not derived from â€˜[01m[Krclcpp::Publisher<MessageT, AllocatorT>[m[Kâ€™
[4.954s]     9 |     rclcpp::Publisher ThePublisher = TheNode.create_publisher<example_interfaces::msg::String>("PythonTopic", 10[01;36m[K)[m[K;
[4.954s]       |                                                                                                                 [01;36m[K^[m[K
[6.579s] gmake[2]: *** [CMakeFiles/CPlusPlusNodePublisher.dir/build.make:76: CMakeFiles/CPlusPlusNodePublisher.dir/src/CPlusPlusNodePublisher.cpp.o] Error 1
[6.580s] gmake[1]: *** [CMakeFiles/Makefile2:193: CMakeFiles/CPlusPlusNodePublisher.dir/all] Error 2
[6.580s] gmake: *** [Makefile:146: all] Error 2
[6.584s] Invoked command in '/home/abolfazlmohammadpour/Temperature/ROS2WorkSpace/build/CPlusPlusPackage' returned '2': CMAKE_PREFIX_PATH=${CMAKE_PREFIX_PATH}:/home/abolfazlmohammadpour/Temperature/ROS2WorkSpace/install/TemperaturePythonPackage:/home/abolfazlmohammadpour/Temperature/ROS2WorkSpace/install/PythonPackage:/opt/ros/iron /usr/bin/cmake --build /home/abolfazlmohammadpour/Temperature/ROS2WorkSpace/build/CPlusPlusPackage -- -j8 -l8
