WARNING: Package name "CPlusPlusPackage" does not follow the naming conventions. It should start with a lower case letter and only contain lower case letters, digits, underscores, and dashes.
[01m[K/home/abolfazlmohammadpour/Temperature/ROS2WorkSpace/src/CPlusPlusPackage/src/CPlusPlusNodeClient_OOP.cpp:[m[K In constructor â€˜[01m[KTheNodeClass::TheNodeClass()[m[Kâ€™:
[01m[K/home/abolfazlmohammadpour/Temperature/ROS2WorkSpace/src/CPlusPlusPackage/src/CPlusPlusNodeClient_OOP.cpp:9:45:[m[K [01;31m[Kerror: [m[Kinvalid use of non-static member function â€˜[01m[Kvoid TheNodeClass::TheClientCycle()[m[Kâ€™
    9 |         std::thread TheThread = std::thread([01;31m[KTheClientCycle[m[K);
      |                                             [01;31m[K^~~~~~~~~~~~~~[m[K
[01m[K/home/abolfazlmohammadpour/Temperature/ROS2WorkSpace/src/CPlusPlusPackage/src/CPlusPlusNodeClient_OOP.cpp:12:10:[m[K [01;36m[Knote: [m[Kdeclared here
   12 |     void [01;36m[KTheClientCycle[m[K(void)
      |          [01;36m[K^~~~~~~~~~~~~~[m[K
gmake[2]: *** [CMakeFiles/CPlusPlusNodeClient_OOP.dir/build.make:76: CMakeFiles/CPlusPlusNodeClient_OOP.dir/src/CPlusPlusNodeClient_OOP.cpp.o] Error 1
gmake[1]: *** [CMakeFiles/Makefile2:305: CMakeFiles/CPlusPlusNodeClient_OOP.dir/all] Error 2
gmake: *** [Makefile:146: all] Error 2
