[ 14%] Built target CPlusPlusNode
[35m[1mConsolidate compiler generated dependencies of target CPlusPlusNodeClient_OOP[0m
[ 28%] Built target CPlusPlusNodePublisher
[ 42%] Built target CPlusPlusNodeSubscriber
[ 57%] Built target CPlusPlusNodeServer
[ 71%] Built target CPlusPlusNode_OOP
[ 85%] Built target CPlusPlusNodeClient
[ 92%] [32mBuilding CXX object CMakeFiles/CPlusPlusNodeClient_OOP.dir/src/CPlusPlusNodeClient_OOP.cpp.o[0m
[01m[K/home/abolfazlmohammadpour/Temperature/ROS2WorkSpace/src/CPlusPlusPackage/src/CPlusPlusNodeClient_OOP.cpp:[m[K In constructor â€˜[01m[KTheNodeClass::TheNodeClass()[m[Kâ€™:
[01m[K/home/abolfazlmohammadpour/Temperature/ROS2WorkSpace/src/CPlusPlusPackage/src/CPlusPlusNodeClient_OOP.cpp:14:43:[m[K [01;31m[Kerror: [m[Kinvalid use of non-static member function â€˜[01m[Kvoid TheNodeClass::TheClientCycle()[m[Kâ€™
   14 |         TheThread = std::thread(std::bind([01;31m[KTheClientCycle[m[K, this));
      |                                           [01;31m[K^~~~~~~~~~~~~~[m[K
[01m[K/home/abolfazlmohammadpour/Temperature/ROS2WorkSpace/src/CPlusPlusPackage/src/CPlusPlusNodeClient_OOP.cpp:18:10:[m[K [01;36m[Knote: [m[Kdeclared here
   18 |     void [01;36m[KTheClientCycle[m[K(void)
      |          [01;36m[K^~~~~~~~~~~~~~[m[K
gmake[2]: *** [CMakeFiles/CPlusPlusNodeClient_OOP.dir/build.make:76: CMakeFiles/CPlusPlusNodeClient_OOP.dir/src/CPlusPlusNodeClient_OOP.cpp.o] Error 1
gmake[1]: *** [CMakeFiles/Makefile2:305: CMakeFiles/CPlusPlusNodeClient_OOP.dir/all] Error 2
gmake: *** [Makefile:146: all] Error 2
