[0.394s] Invoking command in '/home/abolfazlmohammadpour/Temperature/ROS2WorkSpace/build/CPlusPlusPackage': CMAKE_PREFIX_PATH=${CMAKE_PREFIX_PATH}:/home/abolfazlmohammadpour/Temperature/ROS2WorkSpace/install/PythonPackage:/home/abolfazlmohammadpour/ROS2WorkSpace/install/PythonPackage:/opt/ros/iron /usr/bin/cmake --build /home/abolfazlmohammadpour/Temperature/ROS2WorkSpace/build/CPlusPlusPackage -- -j8 -l8
[0.505s] [35m[1mConsolidate compiler generated dependencies of target CPlusPlusNodeClient[0m
[0.521s] [35m[1mConsolidate compiler generated dependencies of target CPlusPlusNodeClient_OOP[0m
[0.527s] [ 14%] Built target CPlusPlusNode
[0.538s] [ 28%] Built target CPlusPlusNodeSubscriber
[0.549s] [ 42%] Built target CPlusPlusNodeServer
[0.554s] [ 57%] Built target CPlusPlusNodePublisher
[0.563s] [ 71%] Built target CPlusPlusNode_OOP
[0.588s] [ 78%] [32mBuilding CXX object CMakeFiles/CPlusPlusNodeClient_OOP.dir/src/CPlusPlusNodeClient_OOP.cpp.o[0m
[0.595s] [ 92%] Built target CPlusPlusNodeClient
[7.018s] [01m[K/home/abolfazlmohammadpour/Temperature/ROS2WorkSpace/src/CPlusPlusPackage/src/CPlusPlusNodeClient_OOP.cpp:[m[K In constructor â€˜[01m[KTheNodeClass::TheNodeClass()[m[Kâ€™:
[7.019s] [01m[K/home/abolfazlmohammadpour/Temperature/ROS2WorkSpace/src/CPlusPlusPackage/src/CPlusPlusNodeClient_OOP.cpp:50:33:[m[K [01;31m[Kerror: [m[Kinvalid use of non-static member function â€˜[01m[Kvoid TheNodeClass::TheClientCycle()[m[Kâ€™
[7.019s]    50 |         TheThread = std::thread([01;31m[KTheClientCycle[m[K);
[7.019s]       |                                 [01;31m[K^~~~~~~~~~~~~~[m[K
[7.020s] [01m[K/home/abolfazlmohammadpour/Temperature/ROS2WorkSpace/src/CPlusPlusPackage/src/CPlusPlusNodeClient_OOP.cpp:9:10:[m[K [01;36m[Knote: [m[Kdeclared here
[7.020s]     9 |     void [01;36m[KTheClientCycle[m[K(void)
[7.020s]       |          [01;36m[K^~~~~~~~~~~~~~[m[K
[9.207s] gmake[2]: *** [CMakeFiles/CPlusPlusNodeClient_OOP.dir/build.make:76: CMakeFiles/CPlusPlusNodeClient_OOP.dir/src/CPlusPlusNodeClient_OOP.cpp.o] Error 1
[9.208s] gmake[1]: *** [CMakeFiles/Makefile2:305: CMakeFiles/CPlusPlusNodeClient_OOP.dir/all] Error 2
[9.208s] gmake: *** [Makefile:146: all] Error 2
[9.213s] Invoked command in '/home/abolfazlmohammadpour/Temperature/ROS2WorkSpace/build/CPlusPlusPackage' returned '2': CMAKE_PREFIX_PATH=${CMAKE_PREFIX_PATH}:/home/abolfazlmohammadpour/Temperature/ROS2WorkSpace/install/PythonPackage:/home/abolfazlmohammadpour/ROS2WorkSpace/install/PythonPackage:/opt/ros/iron /usr/bin/cmake --build /home/abolfazlmohammadpour/Temperature/ROS2WorkSpace/build/CPlusPlusPackage -- -j8 -l8
