[0.145s] Invoking command in '/home/abolfazlmohammadpour/Temperature/ROS2WorkSpace/build/CPlusPlusPackage': CMAKE_PREFIX_PATH=${CMAKE_PREFIX_PATH}:/home/abolfazlmohammadpour/Temperature/ROS2WorkSpace/install/TemperaturePythonPackage:/home/abolfazlmohammadpour/Temperature/ROS2WorkSpace/install/PythonPackage:/opt/ros/iron /usr/bin/cmake --build /home/abolfazlmohammadpour/Temperature/ROS2WorkSpace/build/CPlusPlusPackage -- -j8 -l8
[0.213s] -- Found ament_cmake: 2.0.4 (/opt/ros/iron/share/ament_cmake/cmake)
[0.578s] -- Found rclcpp: 21.0.5 (/opt/ros/iron/share/rclcpp/cmake)
[0.941s] -- Found rosidl_generator_c: 4.0.1 (/opt/ros/iron/share/rosidl_generator_c/cmake)
[0.965s] -- Found rosidl_generator_cpp: 4.0.1 (/opt/ros/iron/share/rosidl_generator_cpp/cmake)
[1.004s] -- Using all available rosidl_typesupport_c: rosidl_typesupport_fastrtps_c;rosidl_typesupport_introspection_c
[1.048s] -- Using all available rosidl_typesupport_cpp: rosidl_typesupport_fastrtps_cpp;rosidl_typesupport_introspection_cpp
[1.424s] -- Found rmw_implementation_cmake: 7.1.0 (/opt/ros/iron/share/rmw_implementation_cmake/cmake)
[1.430s] -- Found rmw_fastrtps_cpp: 7.1.3 (/opt/ros/iron/share/rmw_fastrtps_cpp/cmake)
[6.629s] -- Using RMW implementation 'rmw_fastrtps_cpp' as default
[6.978s] -- Found example_interfaces: 0.10.2 (/opt/ros/iron/share/example_interfaces/cmake)
[7.432s] WARNING: Package name "CPlusPlusPackage" does not follow the naming conventions. It should start with a lower case letter and only contain lower case letters, digits, underscores, and dashes.
[7.462s] -- Configuring done
[7.505s] -- Generating done
[7.508s] -- Build files have been written to: /home/abolfazlmohammadpour/Temperature/ROS2WorkSpace/build/CPlusPlusPackage
[7.544s] [35m[1mConsolidate compiler generated dependencies of target CPlusPlusNodePublisher[0m
[7.549s] [35m[1mConsolidate compiler generated dependencies of target CPlusPlusNode[0m
[7.550s] [35m[1mConsolidate compiler generated dependencies of target CPlusPlusNode_OOP[0m
[7.561s] [ 12%] [32mBuilding CXX object CMakeFiles/CPlusPlusNodeSubscriber.dir/src/CPlusPlusNodeSubscriber.cpp.o[0m
[7.579s] [ 25%] [32mBuilding CXX object CMakeFiles/CPlusPlusNodePublisher.dir/src/CPlusPlusNodePublisher.cpp.o[0m
[7.585s] [ 50%] Built target CPlusPlusNode_OOP
[7.586s] [ 75%] Built target CPlusPlusNode
[12.142s] In file included from [01m[K/opt/ros/iron/include/rclcpp/rclcpp/logging.hpp:24[m[K,
[12.142s]                  from [01m[K/opt/ros/iron/include/rclcpp/rclcpp/client.hpp:43[m[K,
[12.142s]                  from [01m[K/opt/ros/iron/include/rclcpp/rclcpp/callback_group.hpp:24[m[K,
[12.142s]                  from [01m[K/opt/ros/iron/include/rclcpp/rclcpp/any_executable.hpp:20[m[K,
[12.142s]                  from [01m[K/opt/ros/iron/include/rclcpp/rclcpp/memory_strategy.hpp:25[m[K,
[12.143s]                  from [01m[K/opt/ros/iron/include/rclcpp/rclcpp/memory_strategies.hpp:18[m[K,
[12.143s]                  from [01m[K/opt/ros/iron/include/rclcpp/rclcpp/executor_options.hpp:20[m[K,
[12.143s]                  from [01m[K/opt/ros/iron/include/rclcpp/rclcpp/executor.hpp:37[m[K,
[12.143s]                  from [01m[K/opt/ros/iron/include/rclcpp/rclcpp/executors/multi_threaded_executor.hpp:25[m[K,
[12.143s]                  from [01m[K/opt/ros/iron/include/rclcpp/rclcpp/executors.hpp:21[m[K,
[12.143s]                  from [01m[K/opt/ros/iron/include/rclcpp/rclcpp/rclcpp.hpp:167[m[K,
[12.143s]                  from [01m[K/home/abolfazlmohammadpour/Temperature/ROS2WorkSpace/src/CPlusPlusPackage/src/CPlusPlusNodeSubscriber.cpp:1[m[K:
[12.143s] [01m[K/home/abolfazlmohammadpour/Temperature/ROS2WorkSpace/src/CPlusPlusPackage/src/CPlusPlusNodeSubscriber.cpp:[m[K In function â€˜[01m[Kvoid TheSubscriberCallBack(example_interfaces::msg::String)[m[Kâ€™:
[12.143s] [01m[K/home/abolfazlmohammadpour/Temperature/ROS2WorkSpace/src/CPlusPlusPackage/src/CPlusPlusNodeSubscriber.cpp:23:48:[m[K [01;31m[Kerror: [m[Kcannot convert â€˜[01m[Kexample_interfaces::msg::String_<std::allocator<void> >::_data_type[m[Kâ€™ {aka â€˜[01m[Kstd::__cxx11::basic_string<char>[m[Kâ€™} to â€˜[01m[Kconst char*[m[Kâ€™
[12.143s]    23 |     RCLCPP_INFO(TheNode->get_logger(), [01;31m[KMessage.data[m[K);
[12.143s]       |                                        [01;31m[K~~~~~~~~^~~~[m[K
[12.144s]       |                                                [01;31m[K|[m[K
[12.144s]       |                                                [01;31m[Kexample_interfaces::msg::String_<std::allocator<void> >::_data_type {aka std::__cxx11::basic_string<char>}[m[K
[12.144s] In file included from [01m[K/opt/ros/iron/include/rmw/rmw/types.h:28[m[K,
[12.144s]                  from [01m[K/opt/ros/iron/include/rcl/rcl/types.h:20[m[K,
[12.144s]                  from [01m[K/opt/ros/iron/include/rcl/rcl/log_level.h:22[m[K,
[12.144s]                  from [01m[K/opt/ros/iron/include/rcl/rcl/arguments.h:21[m[K,
[12.144s]                  from [01m[K/opt/ros/iron/include/rcl/rcl/context.h:28[m[K,
[12.144s]                  from [01m[K/opt/ros/iron/include/rcl/rcl/guard_condition.h:26[m[K,
[12.144s]                  from [01m[K/opt/ros/iron/include/rclcpp/rclcpp/executor.hpp:30[m[K,
[12.144s]                  from [01m[K/opt/ros/iron/include/rclcpp/rclcpp/executors/multi_threaded_executor.hpp:25[m[K,
[12.144s]                  from [01m[K/opt/ros/iron/include/rclcpp/rclcpp/executors.hpp:21[m[K,
[12.144s]                  from [01m[K/opt/ros/iron/include/rclcpp/rclcpp/rclcpp.hpp:167[m[K,
[12.145s]                  from [01m[K/home/abolfazlmohammadpour/Temperature/ROS2WorkSpace/src/CPlusPlusPackage/src/CPlusPlusNodeSubscriber.cpp:1[m[K:
[12.145s] [01m[K/opt/ros/iron/include/rcutils/rcutils/logging.h:473:16:[m[K [01;36m[Knote: [m[K  initializing argument 4 of â€˜[01m[Kvoid rcutils_log_internal(const rcutils_log_location_t*, int, const char*, const char*, ...)[m[Kâ€™
[12.145s]   473 |   [01;36m[Kconst char * format[m[K,
[12.145s]       |   [01;36m[K~~~~~~~~~~~~~^~~~~~[m[K
[15.388s] [ 87%] [32m[1mLinking CXX executable CPlusPlusNodePublisher[0m
[15.733s] gmake[2]: *** [CMakeFiles/CPlusPlusNodeSubscriber.dir/build.make:76: CMakeFiles/CPlusPlusNodeSubscriber.dir/src/CPlusPlusNodeSubscriber.cpp.o] Error 1
[15.733s] gmake[1]: *** [CMakeFiles/Makefile2:221: CMakeFiles/CPlusPlusNodeSubscriber.dir/all] Error 2
[15.734s] gmake[1]: *** Waiting for unfinished jobs....
[15.773s] [ 87%] Built target CPlusPlusNodePublisher
[15.775s] gmake: *** [Makefile:146: all] Error 2
[15.779s] Invoked command in '/home/abolfazlmohammadpour/Temperature/ROS2WorkSpace/build/CPlusPlusPackage' returned '2': CMAKE_PREFIX_PATH=${CMAKE_PREFIX_PATH}:/home/abolfazlmohammadpour/Temperature/ROS2WorkSpace/install/TemperaturePythonPackage:/home/abolfazlmohammadpour/Temperature/ROS2WorkSpace/install/PythonPackage:/opt/ros/iron /usr/bin/cmake --build /home/abolfazlmohammadpour/Temperature/ROS2WorkSpace/build/CPlusPlusPackage -- -j8 -l8
