[01m[K/home/abolfazlmohammadpour/Temperature/ROS2WorkSpace/src/TemperatureCPlusPlusPackage/src/TemperatureCPlusPlusNode.cpp:3:15:[m[K [01;35m[Kwarning: [m[Kuse of â€˜[01m[Kauto[m[Kâ€™ in parameter declaration only available with â€˜[01m[K-std=c++20[m[Kâ€™ or â€˜[01m[K-fconcepts[m[Kâ€™
    3 | void CallBack([01;35m[Kauto[m[K);
      |               [01;35m[K^~~~[m[K
[01m[K/home/abolfazlmohammadpour/Temperature/ROS2WorkSpace/src/TemperatureCPlusPlusPackage/src/TemperatureCPlusPlusNode.cpp:[m[K In function â€˜[01m[Kint main(int, const char**)[m[Kâ€™:
[01m[K/home/abolfazlmohammadpour/Temperature/ROS2WorkSpace/src/TemperatureCPlusPlusPackage/src/TemperatureCPlusPlusNode.cpp:11:44:[m[K [01;31m[Kerror: [m[Kâ€˜[01m[Kmake_shard[m[Kâ€™ is not a member of â€˜[01m[Kstd[m[Kâ€™; did you mean â€˜[01m[Kmake_shared[m[Kâ€™?
   11 |     rclcpp::Node::SharedPtr TheNode = std::[01;31m[Kmake_shard[m[K<rclcpp::Node>("TemperatureCPlusPlusNode");
      |                                            [01;31m[K^~~~~~~~~~[m[K
      |                                            [32m[Kmake_shared[m[K
[01m[K/home/abolfazlmohammadpour/Temperature/ROS2WorkSpace/src/TemperatureCPlusPlusPackage/src/TemperatureCPlusPlusNode.cpp:11:67:[m[K [01;31m[Kerror: [m[Kexpected primary-expression before â€˜[01m[K>[m[Kâ€™ token
   11 |     rclcpp::Node::SharedPtr TheNode = std::make_shard<rclcpp::Node[01;31m[K>[m[K("TemperatureCPlusPlusNode");
      |                                                                   [01;31m[K^[m[K
[01m[K/home/abolfazlmohammadpour/Temperature/ROS2WorkSpace/src/TemperatureCPlusPlusPackage/src/TemperatureCPlusPlusNode.cpp:[m[K At global scope:
[01m[K/home/abolfazlmohammadpour/Temperature/ROS2WorkSpace/src/TemperatureCPlusPlusPackage/src/TemperatureCPlusPlusNode.cpp:28:15:[m[K [01;35m[Kwarning: [m[Kuse of â€˜[01m[Kauto[m[Kâ€™ in parameter declaration only available with â€˜[01m[K-std=c++20[m[Kâ€™ or â€˜[01m[K-fconcepts[m[Kâ€™
   28 | void CallBack([01;35m[Kauto[m[K TheNode)
      |               [01;35m[K^~~~[m[K
gmake[2]: *** [CMakeFiles/TemperatureCPlusPlusNode.dir/build.make:76: CMakeFiles/TemperatureCPlusPlusNode.dir/src/TemperatureCPlusPlusNode.cpp.o] Error 1
gmake[1]: *** [CMakeFiles/Makefile2:137: CMakeFiles/TemperatureCPlusPlusNode.dir/all] Error 2
gmake: *** [Makefile:146: all] Error 2
