[0.235s] Invoking command in '/home/abolfazlmohammadpour/Temperature/ROS2WorkSpace/build/TemperatureCPlusPlusPackage': CMAKE_PREFIX_PATH=${CMAKE_PREFIX_PATH}:/home/abolfazlmohammadpour/Temperature/ROS2WorkSpace/install/TemperaturePythonPackage:/opt/ros/iron /usr/bin/cmake --build /home/abolfazlmohammadpour/Temperature/ROS2WorkSpace/build/TemperatureCPlusPlusPackage -- -j8 -l8
[0.375s] [ 50%] [32mBuilding CXX object CMakeFiles/TemperatureCPlusPlusNode.dir/src/TemperatureCPlusPlusNode.cpp.o[0m
[8.433s] [01m[K/home/abolfazlmohammadpour/Temperature/ROS2WorkSpace/src/TemperatureCPlusPlusPackage/src/TemperatureCPlusPlusNode.cpp:3:15:[m[K [01;35m[Kwarning: [m[Kuse of â€˜[01m[Kauto[m[Kâ€™ in parameter declaration only available with â€˜[01m[K-std=c++20[m[Kâ€™ or â€˜[01m[K-fconcepts[m[Kâ€™
[8.433s]     3 | void CallBack([01;35m[Kauto[m[K);
[8.433s]       |               [01;35m[K^~~~[m[K
[8.436s] [01m[K/home/abolfazlmohammadpour/Temperature/ROS2WorkSpace/src/TemperatureCPlusPlusPackage/src/TemperatureCPlusPlusNode.cpp:[m[K In function â€˜[01m[Kint main(int, const char**)[m[Kâ€™:
[8.437s] [01m[K/home/abolfazlmohammadpour/Temperature/ROS2WorkSpace/src/TemperatureCPlusPlusPackage/src/TemperatureCPlusPlusNode.cpp:11:44:[m[K [01;31m[Kerror: [m[Kâ€˜[01m[Kmake_shard[m[Kâ€™ is not a member of â€˜[01m[Kstd[m[Kâ€™; did you mean â€˜[01m[Kmake_shared[m[Kâ€™?
[8.437s]    11 |     rclcpp::Node::SharedPtr TheNode = std::[01;31m[Kmake_shard[m[K<rclcpp::Node>("TemperatureCPlusPlusNode");
[8.437s]       |                                            [01;31m[K^~~~~~~~~~[m[K
[8.437s]       |                                            [32m[Kmake_shared[m[K
[8.437s] [01m[K/home/abolfazlmohammadpour/Temperature/ROS2WorkSpace/src/TemperatureCPlusPlusPackage/src/TemperatureCPlusPlusNode.cpp:11:67:[m[K [01;31m[Kerror: [m[Kexpected primary-expression before â€˜[01m[K>[m[Kâ€™ token
[8.437s]    11 |     rclcpp::Node::SharedPtr TheNode = std::make_shard<rclcpp::Node[01;31m[K>[m[K("TemperatureCPlusPlusNode");
[8.438s]       |                                                                   [01;31m[K^[m[K
[8.441s] [01m[K/home/abolfazlmohammadpour/Temperature/ROS2WorkSpace/src/TemperatureCPlusPlusPackage/src/TemperatureCPlusPlusNode.cpp:[m[K At global scope:
[8.441s] [01m[K/home/abolfazlmohammadpour/Temperature/ROS2WorkSpace/src/TemperatureCPlusPlusPackage/src/TemperatureCPlusPlusNode.cpp:28:15:[m[K [01;35m[Kwarning: [m[Kuse of â€˜[01m[Kauto[m[Kâ€™ in parameter declaration only available with â€˜[01m[K-std=c++20[m[Kâ€™ or â€˜[01m[K-fconcepts[m[Kâ€™
[8.441s]    28 | void CallBack([01;35m[Kauto[m[K TheNode)
[8.441s]       |               [01;35m[K^~~~[m[K
[10.129s] gmake[2]: *** [CMakeFiles/TemperatureCPlusPlusNode.dir/build.make:76: CMakeFiles/TemperatureCPlusPlusNode.dir/src/TemperatureCPlusPlusNode.cpp.o] Error 1
[10.130s] gmake[1]: *** [CMakeFiles/Makefile2:137: CMakeFiles/TemperatureCPlusPlusNode.dir/all] Error 2
[10.131s] gmake: *** [Makefile:146: all] Error 2
[10.136s] Invoked command in '/home/abolfazlmohammadpour/Temperature/ROS2WorkSpace/build/TemperatureCPlusPlusPackage' returned '2': CMAKE_PREFIX_PATH=${CMAKE_PREFIX_PATH}:/home/abolfazlmohammadpour/Temperature/ROS2WorkSpace/install/TemperaturePythonPackage:/opt/ros/iron /usr/bin/cmake --build /home/abolfazlmohammadpour/Temperature/ROS2WorkSpace/build/TemperatureCPlusPlusPackage -- -j8 -l8
