[35m[1mConsolidate compiler generated dependencies of target CPlusPlusNodeClient[0m
[35m[1mConsolidate compiler generated dependencies of target CPlusPlusNodeClient_OOP[0m
[ 14%] Built target CPlusPlusNode
[ 28%] Built target CPlusPlusNode_OOP
[35m[1mConsolidate compiler generated dependencies of target CPlusPlusNodeServer[0m
[ 42%] Built target CPlusPlusNodeSubscriber
[ 57%] Built target CPlusPlusNodePublisher
[ 64%] [32mBuilding CXX object CMakeFiles/CPlusPlusNodeClient.dir/src/CPlusPlusNodeClient.cpp.o[0m
[ 71%] [32mBuilding CXX object CMakeFiles/CPlusPlusNodeClient_OOP.dir/src/CPlusPlusNodeClient_OOP.cpp.o[0m
[ 85%] Built target CPlusPlusNodeServer
[01m[K/home/abolfazlmohammadpour/Temperature/ROS2WorkSpace/src/CPlusPlusPackage/src/CPlusPlusNodeClient_OOP.cpp:[m[K In constructor â€˜[01m[KTheNodeClass::TheNodeClass()[m[Kâ€™:
[01m[K/home/abolfazlmohammadpour/Temperature/ROS2WorkSpace/src/CPlusPlusPackage/src/CPlusPlusNodeClient_OOP.cpp:15:33:[m[K [01;31m[Kerror: [m[Kinvalid use of non-static member function â€˜[01m[Kvoid TheNodeClass::TheClientCycle()[m[Kâ€™
   15 |         TheThread = std::thread([01;31m[KTheClientCycle[m[K);
      |                                 [01;31m[K^~~~~~~~~~~~~~[m[K
[01m[K/home/abolfazlmohammadpour/Temperature/ROS2WorkSpace/src/CPlusPlusPackage/src/CPlusPlusNodeClient_OOP.cpp:19:10:[m[K [01;36m[Knote: [m[Kdeclared here
   19 |     void [01;36m[KTheClientCycle[m[K(void)
      |          [01;36m[K^~~~~~~~~~~~~~[m[K
gmake[2]: *** [CMakeFiles/CPlusPlusNodeClient_OOP.dir/build.make:76: CMakeFiles/CPlusPlusNodeClient_OOP.dir/src/CPlusPlusNodeClient_OOP.cpp.o] Error 1
gmake[1]: *** [CMakeFiles/Makefile2:305: CMakeFiles/CPlusPlusNodeClient_OOP.dir/all] Error 2
gmake[1]: *** Waiting for unfinished jobs....
[ 92%] [32m[1mLinking CXX executable CPlusPlusNodeClient[0m
[ 92%] Built target CPlusPlusNodeClient
gmake: *** [Makefile:146: all] Error 2
