[0.277s] Invoking command in '/home/abolfazlmohammadpour/Temperature/ROS2WorkSpace/build/TemperatureCPlusPlusPackage': CMAKE_PREFIX_PATH=${CMAKE_PREFIX_PATH}:/home/abolfazlmohammadpour/Temperature/ROS2WorkSpace/install/TemperaturePythonPackage:/opt/ros/iron /usr/bin/cmake --build /home/abolfazlmohammadpour/Temperature/ROS2WorkSpace/build/TemperatureCPlusPlusPackage -- -j8 -l8
[0.332s] -- Found ament_cmake: 2.0.4 (/opt/ros/iron/share/ament_cmake/cmake)
[0.743s] -- Found rclcpp: 21.0.5 (/opt/ros/iron/share/rclcpp/cmake)
[1.263s] -- Found rosidl_generator_c: 4.0.1 (/opt/ros/iron/share/rosidl_generator_c/cmake)
[1.289s] -- Found rosidl_generator_cpp: 4.0.1 (/opt/ros/iron/share/rosidl_generator_cpp/cmake)
[1.330s] -- Using all available rosidl_typesupport_c: rosidl_typesupport_fastrtps_c;rosidl_typesupport_introspection_c
[1.383s] -- Using all available rosidl_typesupport_cpp: rosidl_typesupport_fastrtps_cpp;rosidl_typesupport_introspection_cpp
[1.882s] -- Found rmw_implementation_cmake: 7.1.0 (/opt/ros/iron/share/rmw_implementation_cmake/cmake)
[1.886s] -- Found rmw_fastrtps_cpp: 7.1.3 (/opt/ros/iron/share/rmw_fastrtps_cpp/cmake)
[16.425s] -- Using RMW implementation 'rmw_fastrtps_cpp' as default
[17.134s] WARNING: Package name "TemperatureCPlusPlusPackage" does not follow the naming conventions. It should start with a lower case letter and only contain lower case letters, digits, underscores, and dashes.
[17.169s] -- Configuring done
[17.213s] -- Generating done
[17.219s] -- Build files have been written to: /home/abolfazlmohammadpour/Temperature/ROS2WorkSpace/build/TemperatureCPlusPlusPackage
[17.287s] [35m[1mConsolidate compiler generated dependencies of target TemperatureCPlusPlusNode[0m
[17.310s] [ 25%] [32mBuilding CXX object CMakeFiles/TemperatureCPlusPlusNode_OOP.dir/src/TemperatureCPlusPlusNode_OOP.cpp.o[0m
[17.336s] [ 50%] [32mBuilding CXX object CMakeFiles/TemperatureCPlusPlusNode.dir/src/TemperatureCPlusPlusNode.cpp.o[0m
[25.799s] [01m[K/home/abolfazlmohammadpour/Temperature/ROS2WorkSpace/src/TemperatureCPlusPlusPackage/src/TemperatureCPlusPlusNode.cpp:3:15:[m[K [01;35m[Kwarning: [m[Kuse of â€˜[01m[Kauto[m[Kâ€™ in parameter declaration only available with â€˜[01m[K-std=c++20[m[Kâ€™ or â€˜[01m[K-fconcepts[m[Kâ€™
[25.799s]     3 | void CallBack([01;35m[Kauto[m[K);
[25.800s]       |               [01;35m[K^~~~[m[K
[25.808s] [01m[K/home/abolfazlmohammadpour/Temperature/ROS2WorkSpace/src/TemperatureCPlusPlusPackage/src/TemperatureCPlusPlusNode.cpp:[m[K In function â€˜[01m[Kvoid CallBack()[m[Kâ€™:
[25.809s] [01m[K/home/abolfazlmohammadpour/Temperature/ROS2WorkSpace/src/TemperatureCPlusPlusPackage/src/TemperatureCPlusPlusNode.cpp:30:9:[m[K [01;35m[Kwarning: [m[KISO C++ forbids taking address of function â€˜[01m[K::main[m[Kâ€™ [[01;35m[K]8;;https://gcc.gnu.org/onlinedocs/gcc/Warning-Options.html#index-Wpedantic-Wpedantic]8;;[m[K]
[25.809s]    30 |     [01;35m[Kmain(0, {NULL})[m[K;
[25.809s]       |     [01;35m[K~~~~^~~~~~~~~~~[m[K
[25.830s] [01m[K/home/abolfazlmohammadpour/Temperature/ROS2WorkSpace/src/TemperatureCPlusPlusPackage/src/TemperatureCPlusPlusNode_OOP.cpp:[m[K In constructor â€˜[01m[KTheNode::TheNode()[m[Kâ€™:
[25.831s] [01m[K/home/abolfazlmohammadpour/Temperature/ROS2WorkSpace/src/TemperatureCPlusPlusPackage/src/TemperatureCPlusPlusNode_OOP.cpp:7:5:[m[K [01;31m[Kerror: [m[Kno matching function for call to â€˜[01m[Krclcpp::Node::Node()[m[Kâ€™
[25.831s]     7 |     [01;31m[K{[m[K
[25.831s]       |     [01;31m[K^[m[K
[25.831s] In file included from [01m[K/opt/ros/iron/include/rclcpp/rclcpp/executors/single_threaded_executor.hpp:28[m[K,
[25.831s]                  from [01m[K/opt/ros/iron/include/rclcpp/rclcpp/executors.hpp:22[m[K,
[25.832s]                  from [01m[K/opt/ros/iron/include/rclcpp/rclcpp/rclcpp.hpp:167[m[K,
[25.833s]                  from [01m[K/home/abolfazlmohammadpour/Temperature/ROS2WorkSpace/src/TemperatureCPlusPlusPackage/src/TemperatureCPlusPlusNode_OOP.cpp:1[m[K:
[25.833s] [01m[K/opt/ros/iron/include/rclcpp/rclcpp/node.hpp:1579:3:[m[K [01;36m[Knote: [m[Kcandidate: â€˜[01m[Krclcpp::Node::Node(const rclcpp::Node&, const string&)[m[Kâ€™
[25.834s]  1579 |   [01;36m[KNode[m[K(
[25.834s]       |   [01;36m[K^~~~[m[K
[25.834s] [01m[K/opt/ros/iron/include/rclcpp/rclcpp/node.hpp:1579:3:[m[K [01;36m[Knote: [m[K  candidate expects 2 arguments, 0 provided
[25.835s] [01m[K/opt/ros/iron/include/rclcpp/rclcpp/node.hpp:102:12:[m[K [01;36m[Knote: [m[Kcandidate: â€˜[01m[Krclcpp::Node::Node(const string&, const string&, const rclcpp::NodeOptions&)[m[Kâ€™
[25.835s]   102 |   explicit [01;36m[KNode[m[K(
[25.836s]       |            [01;36m[K^~~~[m[K
[25.836s] [01m[K/opt/ros/iron/include/rclcpp/rclcpp/node.hpp:102:12:[m[K [01;36m[Knote: [m[K  candidate expects 3 arguments, 0 provided
[25.836s] [01m[K/opt/ros/iron/include/rclcpp/rclcpp/node.hpp:90:12:[m[K [01;36m[Knote: [m[Kcandidate: â€˜[01m[Krclcpp::Node::Node(const string&, const rclcpp::NodeOptions&)[m[Kâ€™
[25.837s]    90 |   explicit [01;36m[KNode[m[K(
[25.837s]       |            [01;36m[K^~~~[m[K
[25.837s] [01m[K/opt/ros/iron/include/rclcpp/rclcpp/node.hpp:90:12:[m[K [01;36m[Knote: [m[K  candidate expects 2 arguments, 0 provided
[27.708s] gmake[2]: *** [CMakeFiles/TemperatureCPlusPlusNode_OOP.dir/build.make:76: CMakeFiles/TemperatureCPlusPlusNode_OOP.dir/src/TemperatureCPlusPlusNode_OOP.cpp.o] Error 1
[27.709s] gmake[1]: *** [CMakeFiles/Makefile2:165: CMakeFiles/TemperatureCPlusPlusNode_OOP.dir/all] Error 2
[27.709s] gmake[1]: *** Waiting for unfinished jobs....
[28.050s] [ 75%] [32m[1mLinking CXX executable TemperatureCPlusPlusNode[0m
[28.550s] [ 75%] Built target TemperatureCPlusPlusNode
[28.552s] gmake: *** [Makefile:146: all] Error 2
[28.559s] Invoked command in '/home/abolfazlmohammadpour/Temperature/ROS2WorkSpace/build/TemperatureCPlusPlusPackage' returned '2': CMAKE_PREFIX_PATH=${CMAKE_PREFIX_PATH}:/home/abolfazlmohammadpour/Temperature/ROS2WorkSpace/install/TemperaturePythonPackage:/opt/ros/iron /usr/bin/cmake --build /home/abolfazlmohammadpour/Temperature/ROS2WorkSpace/build/TemperatureCPlusPlusPackage -- -j8 -l8
